2019-02-26 21:52:43.846 [main] DEBUG by.tolkun.ellipse.validator.StringValidator - StringValidator created.
2019-02-26 21:52:43.867 [main] DEBUG by.tolkun.ellipse.parser.DoubleArrayParser - DoubleArrayParser created.
2019-02-26 21:52:43.872 [main] DEBUG by.tolkun.ellipse.validator.Point2DValidator - Point2DValidator created.
2019-02-26 21:52:43.875 [main] DEBUG by.tolkun.ellipse.validator.EllipseValidator - EllipseValidator created.
2019-02-26 21:52:43.878 [main] DEBUG tolkun.ellipse.factory.geometry.Point2DFactory - Point2DFactory created.
2019-02-26 21:52:43.882 [main] DEBUG tolkun.ellipse.factory.geometry.EllipseFactory - EllipseFactory created.
2019-02-26 21:52:43.885 [main] DEBUG by.tolkun.ellipse.action.EllipseAction - EllipseAction created.
2019-02-26 21:52:43.939 [main] DEBUG by.tolkun.ellipse.validator.StringValidator - String "10a a10 *15 15* -15-" is invalid.
2019-02-26 21:52:43.942 [main] DEBUG by.tolkun.ellipse.validator.StringValidator - String "!1 ,2 :3 ;4" is invalid.
2019-02-26 21:52:43.943 [main] DEBUG by.tolkun.ellipse.validator.StringValidator - String ". 0.0 1.0 0.1" is invalid.
2019-02-26 21:52:43.944 [main] DEBUG by.tolkun.ellipse.validator.StringValidator - String "-10 0 10 01 10" is valid.
2019-02-26 21:52:43.944 [main] DEBUG by.tolkun.ellipse.validator.StringValidator - String "-1.0 0.0 1.0" is valid.
2019-02-26 21:52:43.945 [main] DEBUG by.tolkun.ellipse.validator.StringValidator - String "1. .1" is valid.
2019-02-26 21:52:43.947 [main] DEBUG by.tolkun.ellipse.validator.StringValidator - StringValidator created.
2019-02-26 21:52:43.947 [main] DEBUG by.tolkun.ellipse.validator.StringValidator - String "0.1 10a .2" is invalid.
2019-02-26 21:52:43.947 [main] WARN  by.tolkun.ellipse.parser.DoubleArrayParser - Invalid input data: 0.1 10a .2.
2019-02-26 21:52:43.992 [main] DEBUG by.tolkun.ellipse.parser.DoubleArrayParser - String "0.1 10a .2" parsed into [].
2019-02-26 21:52:43.993 [main] DEBUG by.tolkun.ellipse.validator.StringValidator - StringValidator created.
2019-02-26 21:52:43.993 [main] DEBUG by.tolkun.ellipse.validator.StringValidator - String "*10" is invalid.
2019-02-26 21:52:43.993 [main] WARN  by.tolkun.ellipse.parser.DoubleArrayParser - Invalid input data: *10.
2019-02-26 21:52:43.993 [main] DEBUG by.tolkun.ellipse.parser.DoubleArrayParser - String "*10" parsed into [].
2019-02-26 21:52:43.993 [main] DEBUG by.tolkun.ellipse.validator.StringValidator - StringValidator created.
2019-02-26 21:52:43.993 [main] DEBUG by.tolkun.ellipse.validator.StringValidator - String ". " is invalid.
2019-02-26 21:52:43.993 [main] WARN  by.tolkun.ellipse.parser.DoubleArrayParser - Invalid input data: . .
2019-02-26 21:52:43.994 [main] DEBUG by.tolkun.ellipse.parser.DoubleArrayParser - String ". " parsed into [].
2019-02-26 21:52:43.994 [main] DEBUG by.tolkun.ellipse.validator.StringValidator - StringValidator created.
2019-02-26 21:52:43.994 [main] DEBUG by.tolkun.ellipse.validator.StringValidator - String "-1 0 1" is valid.
2019-02-26 21:52:43.994 [main] DEBUG by.tolkun.ellipse.parser.DoubleArrayParser - String "-1 0 1" parsed into [-1.0, 0.0, 1.0].
2019-02-26 21:52:43.994 [main] DEBUG by.tolkun.ellipse.validator.StringValidator - StringValidator created.
2019-02-26 21:52:43.994 [main] DEBUG by.tolkun.ellipse.validator.StringValidator - String "-1.0 0.0 1.0" is valid.
2019-02-26 21:52:43.994 [main] DEBUG by.tolkun.ellipse.parser.DoubleArrayParser - String "-1.0 0.0 1.0" parsed into [-1.0, 0.0, 1.0].
2019-02-26 21:52:43.995 [main] DEBUG by.tolkun.ellipse.validator.StringValidator - StringValidator created.
2019-02-26 21:52:43.995 [main] DEBUG by.tolkun.ellipse.validator.StringValidator - String "1. .1" is valid.
2019-02-26 21:52:43.995 [main] DEBUG by.tolkun.ellipse.parser.DoubleArrayParser - String "1. .1" parsed into [1.0, 0.1].
2019-02-26 21:52:43.995 [main] DEBUG by.tolkun.ellipse.validator.StringValidator - StringValidator created.
2019-02-26 21:52:43.995 [main] DEBUG by.tolkun.ellipse.validator.StringValidator - String "" is valid.
2019-02-26 21:52:43.995 [main] DEBUG by.tolkun.ellipse.parser.DoubleArrayParser - String "" parsed into [].
2019-02-26 21:52:43.997 [main] DEBUG by.tolkun.ellipse.validator.Point2DValidator - Dataset [0.1, 10.0, 0.2] is invalid.
2019-02-26 21:52:43.997 [main] DEBUG by.tolkun.ellipse.validator.Point2DValidator - Dataset [-10.0] is invalid.
2019-02-26 21:52:43.997 [main] DEBUG by.tolkun.ellipse.validator.Point2DValidator - Dataset [] is invalid.
2019-02-26 21:52:43.998 [main] DEBUG by.tolkun.ellipse.validator.Point2DValidator - Dataset [-10.0, 0.0] is valid.
2019-02-26 21:52:43.999 [main] DEBUG by.tolkun.ellipse.validator.Point2DValidator - Dataset [-1.0, 0.0] is valid.
2019-02-26 21:52:43.999 [main] DEBUG by.tolkun.ellipse.validator.Point2DValidator - Dataset [1.0, 0.1] is valid.
2019-02-26 21:52:44.000 [main] DEBUG by.tolkun.ellipse.validator.EllipseValidator - Dataset [] is invalid.
2019-02-26 21:52:44.001 [main] DEBUG by.tolkun.ellipse.validator.EllipseValidator - Dataset [0.1] is invalid.
2019-02-26 21:52:44.002 [main] DEBUG by.tolkun.ellipse.validator.EllipseValidator - Dataset [10.0, 12.0] is invalid.
2019-02-26 21:52:44.002 [main] DEBUG by.tolkun.ellipse.validator.EllipseValidator - Dataset [10.0, 0.0, 0.18] is invalid.
2019-02-26 21:52:44.003 [main] DEBUG by.tolkun.ellipse.validator.EllipseValidator - Dataset [2.0, 2.0, 2.0, 2.0] is invalid.
2019-02-26 21:52:44.004 [main] DEBUG by.tolkun.ellipse.validator.EllipseValidator - Dataset [2.0, 4.0, 2.0, 3.0] is invalid.
2019-02-26 21:52:44.005 [main] DEBUG by.tolkun.ellipse.validator.EllipseValidator - Dataset [3.0, 2.0, 4.0, 2.0] is invalid.
2019-02-26 21:52:44.006 [main] DEBUG by.tolkun.ellipse.validator.EllipseValidator - Dataset [3.0, 2.0, 4.0, 2.0, 0.0] is invalid.
2019-02-26 21:52:44.007 [main] DEBUG by.tolkun.ellipse.validator.EllipseValidator - Dataset [-1.0, 1.0, 1.0, -1.0] is valid.
2019-02-26 21:52:44.008 [main] DEBUG by.tolkun.ellipse.validator.EllipseValidator - Dataset [-1.0, 1.0, 1.0, -1.0] is valid.
2019-02-26 21:52:44.012 [main] DEBUG by.tolkun.ellipse.validator.EllipseValidator - Dataset [0.0, 0.0, 0.1, -1.0] is valid.
2019-02-26 21:52:44.014 [main] DEBUG by.tolkun.ellipse.validator.Point2DValidator - Point2DValidator created.
2019-02-26 21:52:44.014 [main] DEBUG by.tolkun.ellipse.validator.Point2DValidator - Dataset [0.0, 0.0, 0.0] is invalid.
2019-02-26 21:52:44.014 [main] DEBUG by.tolkun.ellipse.validator.Point2DValidator - Point2DValidator created.
2019-02-26 21:52:44.015 [main] DEBUG by.tolkun.ellipse.validator.Point2DValidator - Dataset [1.0, 1.0, 1.0] is invalid.
2019-02-26 21:52:44.015 [main] DEBUG by.tolkun.ellipse.validator.Point2DValidator - Point2DValidator created.
2019-02-26 21:52:44.015 [main] DEBUG by.tolkun.ellipse.validator.Point2DValidator - Dataset [-1.0, -1.0, -1.0] is invalid.
2019-02-26 21:52:44.016 [main] DEBUG by.tolkun.ellipse.validator.Point2DValidator - Point2DValidator created.
2019-02-26 21:52:44.016 [main] DEBUG by.tolkun.ellipse.validator.Point2DValidator - Dataset [1.0, -1.0, 1.0] is invalid.
2019-02-26 21:52:44.016 [main] DEBUG by.tolkun.ellipse.validator.Point2DValidator - Point2DValidator created.
2019-02-26 21:52:44.016 [main] DEBUG by.tolkun.ellipse.validator.Point2DValidator - Dataset [-1.0, 1.0, -1.0] is invalid.
2019-02-26 21:52:44.019 [main] DEBUG by.tolkun.ellipse.validator.Point2DValidator - Point2DValidator created.
2019-02-26 21:52:44.020 [main] DEBUG by.tolkun.ellipse.validator.Point2DValidator - Dataset [1.0] is invalid.
2019-02-26 21:52:44.020 [main] DEBUG by.tolkun.ellipse.validator.Point2DValidator - Point2DValidator created.
2019-02-26 21:52:44.020 [main] DEBUG by.tolkun.ellipse.validator.Point2DValidator - Dataset [0.0] is invalid.
2019-02-26 21:52:44.021 [main] DEBUG by.tolkun.ellipse.validator.Point2DValidator - Point2DValidator created.
2019-02-26 21:52:44.021 [main] DEBUG by.tolkun.ellipse.validator.Point2DValidator - Dataset [-1.0] is invalid.
2019-02-26 21:52:44.021 [main] DEBUG by.tolkun.ellipse.parser.DoubleArrayParser - DoubleArrayParser created.
2019-02-26 21:52:44.022 [main] DEBUG by.tolkun.ellipse.validator.StringValidator - StringValidator created.
2019-02-26 21:52:44.022 [main] DEBUG by.tolkun.ellipse.validator.StringValidator - String "0 0 0" is valid.
2019-02-26 21:52:44.022 [main] DEBUG by.tolkun.ellipse.parser.DoubleArrayParser - String "0 0 0" parsed into [0.0, 0.0, 0.0].
2019-02-26 21:52:44.022 [main] DEBUG tolkun.ellipse.factory.geometry.Point2DFactory - Point2DFactory created.
2019-02-26 21:52:44.022 [main] DEBUG by.tolkun.ellipse.validator.Point2DValidator - Point2DValidator created.
2019-02-26 21:52:44.022 [main] DEBUG by.tolkun.ellipse.validator.Point2DValidator - Dataset [0.0, 0.0, 0.0] is invalid.
2019-02-26 21:52:44.022 [main] DEBUG by.tolkun.ellipse.parser.DoubleArrayParser - DoubleArrayParser created.
2019-02-26 21:52:44.022 [main] DEBUG by.tolkun.ellipse.validator.StringValidator - StringValidator created.
2019-02-26 21:52:44.022 [main] DEBUG by.tolkun.ellipse.validator.StringValidator - String "1 1 1" is valid.
2019-02-26 21:52:44.022 [main] DEBUG by.tolkun.ellipse.parser.DoubleArrayParser - String "1 1 1" parsed into [1.0, 1.0, 1.0].
2019-02-26 21:52:44.022 [main] DEBUG tolkun.ellipse.factory.geometry.Point2DFactory - Point2DFactory created.
2019-02-26 21:52:44.022 [main] DEBUG by.tolkun.ellipse.validator.Point2DValidator - Point2DValidator created.
2019-02-26 21:52:44.022 [main] DEBUG by.tolkun.ellipse.validator.Point2DValidator - Dataset [1.0, 1.0, 1.0] is invalid.
2019-02-26 21:52:44.023 [main] DEBUG by.tolkun.ellipse.parser.DoubleArrayParser - DoubleArrayParser created.
2019-02-26 21:52:44.023 [main] DEBUG by.tolkun.ellipse.validator.StringValidator - StringValidator created.
2019-02-26 21:52:44.023 [main] DEBUG by.tolkun.ellipse.validator.StringValidator - String "-1 -1 -1" is valid.
2019-02-26 21:52:44.023 [main] DEBUG by.tolkun.ellipse.parser.DoubleArrayParser - String "-1 -1 -1" parsed into [-1.0, -1.0, -1.0].
2019-02-26 21:52:44.023 [main] DEBUG tolkun.ellipse.factory.geometry.Point2DFactory - Point2DFactory created.
2019-02-26 21:52:44.023 [main] DEBUG by.tolkun.ellipse.validator.Point2DValidator - Point2DValidator created.
2019-02-26 21:52:44.023 [main] DEBUG by.tolkun.ellipse.validator.Point2DValidator - Dataset [-1.0, -1.0, -1.0] is invalid.
2019-02-26 21:52:44.024 [main] DEBUG by.tolkun.ellipse.parser.DoubleArrayParser - DoubleArrayParser created.
2019-02-26 21:52:44.024 [main] DEBUG by.tolkun.ellipse.validator.StringValidator - StringValidator created.
2019-02-26 21:52:44.024 [main] DEBUG by.tolkun.ellipse.validator.StringValidator - String "1 -1 1" is valid.
2019-02-26 21:52:44.024 [main] DEBUG by.tolkun.ellipse.parser.DoubleArrayParser - String "1 -1 1" parsed into [1.0, -1.0, 1.0].
2019-02-26 21:52:44.024 [main] DEBUG tolkun.ellipse.factory.geometry.Point2DFactory - Point2DFactory created.
2019-02-26 21:52:44.024 [main] DEBUG by.tolkun.ellipse.validator.Point2DValidator - Point2DValidator created.
2019-02-26 21:52:44.024 [main] DEBUG by.tolkun.ellipse.validator.Point2DValidator - Dataset [1.0, -1.0, 1.0] is invalid.
2019-02-26 21:52:44.028 [main] DEBUG by.tolkun.ellipse.parser.DoubleArrayParser - DoubleArrayParser created.
2019-02-26 21:52:44.028 [main] DEBUG by.tolkun.ellipse.validator.StringValidator - StringValidator created.
2019-02-26 21:52:44.029 [main] DEBUG by.tolkun.ellipse.validator.StringValidator - String "-1 1 -1" is valid.
2019-02-26 21:52:44.029 [main] DEBUG by.tolkun.ellipse.parser.DoubleArrayParser - String "-1 1 -1" parsed into [-1.0, 1.0, -1.0].
2019-02-26 21:52:44.029 [main] DEBUG tolkun.ellipse.factory.geometry.Point2DFactory - Point2DFactory created.
2019-02-26 21:52:44.029 [main] DEBUG by.tolkun.ellipse.validator.Point2DValidator - Point2DValidator created.
2019-02-26 21:52:44.029 [main] DEBUG by.tolkun.ellipse.validator.Point2DValidator - Dataset [-1.0, 1.0, -1.0] is invalid.
2019-02-26 21:52:44.030 [main] DEBUG by.tolkun.ellipse.parser.DoubleArrayParser - DoubleArrayParser created.
2019-02-26 21:52:44.030 [main] DEBUG by.tolkun.ellipse.validator.StringValidator - StringValidator created.
2019-02-26 21:52:44.030 [main] DEBUG by.tolkun.ellipse.validator.StringValidator - String "-1" is valid.
2019-02-26 21:52:44.030 [main] DEBUG by.tolkun.ellipse.parser.DoubleArrayParser - String "-1" parsed into [-1.0].
2019-02-26 21:52:44.030 [main] DEBUG tolkun.ellipse.factory.geometry.Point2DFactory - Point2DFactory created.
2019-02-26 21:52:44.030 [main] DEBUG by.tolkun.ellipse.validator.Point2DValidator - Point2DValidator created.
2019-02-26 21:52:44.030 [main] DEBUG by.tolkun.ellipse.validator.Point2DValidator - Dataset [-1.0] is invalid.
2019-02-26 21:52:44.031 [main] DEBUG by.tolkun.ellipse.parser.DoubleArrayParser - DoubleArrayParser created.
2019-02-26 21:52:44.031 [main] DEBUG by.tolkun.ellipse.validator.StringValidator - StringValidator created.
2019-02-26 21:52:44.031 [main] DEBUG by.tolkun.ellipse.validator.StringValidator - String "0" is valid.
2019-02-26 21:52:44.031 [main] DEBUG by.tolkun.ellipse.parser.DoubleArrayParser - String "0" parsed into [0.0].
2019-02-26 21:52:44.031 [main] DEBUG tolkun.ellipse.factory.geometry.Point2DFactory - Point2DFactory created.
2019-02-26 21:52:44.031 [main] DEBUG by.tolkun.ellipse.validator.Point2DValidator - Point2DValidator created.
2019-02-26 21:52:44.031 [main] DEBUG by.tolkun.ellipse.validator.Point2DValidator - Dataset [0.0] is invalid.
2019-02-26 21:52:44.032 [main] DEBUG by.tolkun.ellipse.parser.DoubleArrayParser - DoubleArrayParser created.
2019-02-26 21:52:44.032 [main] DEBUG by.tolkun.ellipse.validator.StringValidator - StringValidator created.
2019-02-26 21:52:44.032 [main] DEBUG by.tolkun.ellipse.validator.StringValidator - String "1" is valid.
2019-02-26 21:52:44.032 [main] DEBUG by.tolkun.ellipse.parser.DoubleArrayParser - String "1" parsed into [1.0].
2019-02-26 21:52:44.032 [main] DEBUG tolkun.ellipse.factory.geometry.Point2DFactory - Point2DFactory created.
2019-02-26 21:52:44.032 [main] DEBUG by.tolkun.ellipse.validator.Point2DValidator - Point2DValidator created.
2019-02-26 21:52:44.032 [main] DEBUG by.tolkun.ellipse.validator.Point2DValidator - Dataset [1.0] is invalid.
2019-02-26 21:52:44.038 [main] DEBUG tolkun.ellipse.entity.geometry.Point2D - Point created: x = 0.0, y = 0.0.
2019-02-26 21:52:44.039 [main] DEBUG tolkun.ellipse.entity.geometry.Point2D - Point created: x = 1.0, y = 1.0.
2019-02-26 21:52:44.039 [main] DEBUG tolkun.ellipse.entity.geometry.Point2D - Point created: x = -1.0, y = -1.0.
2019-02-26 21:52:44.039 [main] DEBUG tolkun.ellipse.entity.geometry.Point2D - Point created: x = 1.0, y = -1.0.
2019-02-26 21:52:44.040 [main] DEBUG tolkun.ellipse.entity.geometry.Point2D - Point created: x = -1.0, y = 1.0.
2019-02-26 21:52:44.040 [main] DEBUG by.tolkun.ellipse.validator.Point2DValidator - Point2DValidator created.
2019-02-26 21:52:44.040 [main] DEBUG by.tolkun.ellipse.validator.Point2DValidator - Dataset [0.0, 0.0] is valid.
2019-02-26 21:52:44.040 [main] DEBUG tolkun.ellipse.entity.geometry.Point2D - Point created: x = 0.0, y = 0.0.
2019-02-26 21:52:44.041 [main] DEBUG by.tolkun.ellipse.validator.Point2DValidator - Point2DValidator created.
2019-02-26 21:52:44.041 [main] DEBUG by.tolkun.ellipse.validator.Point2DValidator - Dataset [1.0, 1.0] is valid.
2019-02-26 21:52:44.041 [main] DEBUG tolkun.ellipse.entity.geometry.Point2D - Point created: x = 1.0, y = 1.0.
2019-02-26 21:52:44.041 [main] DEBUG by.tolkun.ellipse.validator.Point2DValidator - Point2DValidator created.
2019-02-26 21:52:44.042 [main] DEBUG by.tolkun.ellipse.validator.Point2DValidator - Dataset [-1.0, -1.0] is valid.
2019-02-26 21:52:44.042 [main] DEBUG tolkun.ellipse.entity.geometry.Point2D - Point created: x = -1.0, y = -1.0.
2019-02-26 21:52:44.042 [main] DEBUG by.tolkun.ellipse.validator.Point2DValidator - Point2DValidator created.
2019-02-26 21:52:44.042 [main] DEBUG by.tolkun.ellipse.validator.Point2DValidator - Dataset [1.0, -1.0] is valid.
2019-02-26 21:52:44.042 [main] DEBUG tolkun.ellipse.entity.geometry.Point2D - Point created: x = 1.0, y = -1.0.
2019-02-26 21:52:44.043 [main] DEBUG by.tolkun.ellipse.validator.Point2DValidator - Point2DValidator created.
2019-02-26 21:52:44.043 [main] DEBUG by.tolkun.ellipse.validator.Point2DValidator - Dataset [-1.0, 1.0] is valid.
2019-02-26 21:52:44.043 [main] DEBUG tolkun.ellipse.entity.geometry.Point2D - Point created: x = -1.0, y = 1.0.
2019-02-26 21:52:44.043 [main] DEBUG tolkun.ellipse.entity.geometry.Point2D - Point created: x = 0.0, y = 0.0.
2019-02-26 21:52:44.043 [main] DEBUG tolkun.ellipse.entity.geometry.Point2D - Point created: x = 1.0, y = 1.0.
2019-02-26 21:52:44.043 [main] DEBUG tolkun.ellipse.entity.geometry.Point2D - Point created: x = -1.0, y = -1.0.
2019-02-26 21:52:44.043 [main] DEBUG tolkun.ellipse.entity.geometry.Point2D - Point created: x = 1.0, y = -1.0.
2019-02-26 21:52:44.043 [main] DEBUG tolkun.ellipse.entity.geometry.Point2D - Point created: x = -1.0, y = 1.0.
2019-02-26 21:52:44.043 [main] DEBUG by.tolkun.ellipse.parser.DoubleArrayParser - DoubleArrayParser created.
2019-02-26 21:52:44.043 [main] DEBUG by.tolkun.ellipse.validator.StringValidator - StringValidator created.
2019-02-26 21:52:44.044 [main] DEBUG by.tolkun.ellipse.validator.StringValidator - String "0 0" is valid.
2019-02-26 21:52:44.044 [main] DEBUG by.tolkun.ellipse.parser.DoubleArrayParser - String "0 0" parsed into [0.0, 0.0].
2019-02-26 21:52:44.044 [main] DEBUG tolkun.ellipse.factory.geometry.Point2DFactory - Point2DFactory created.
2019-02-26 21:52:44.044 [main] DEBUG by.tolkun.ellipse.validator.Point2DValidator - Point2DValidator created.
2019-02-26 21:52:44.044 [main] DEBUG by.tolkun.ellipse.validator.Point2DValidator - Dataset [0.0, 0.0] is valid.
2019-02-26 21:52:44.045 [main] DEBUG tolkun.ellipse.entity.geometry.Point2D - Point created: x = 0.0, y = 0.0.
2019-02-26 21:52:44.046 [main] DEBUG by.tolkun.ellipse.parser.DoubleArrayParser - DoubleArrayParser created.
2019-02-26 21:52:44.046 [main] DEBUG by.tolkun.ellipse.validator.StringValidator - StringValidator created.
2019-02-26 21:52:44.046 [main] DEBUG by.tolkun.ellipse.validator.StringValidator - String "1 1" is valid.
2019-02-26 21:52:44.046 [main] DEBUG by.tolkun.ellipse.parser.DoubleArrayParser - String "1 1" parsed into [1.0, 1.0].
2019-02-26 21:52:44.046 [main] DEBUG tolkun.ellipse.factory.geometry.Point2DFactory - Point2DFactory created.
2019-02-26 21:52:44.046 [main] DEBUG by.tolkun.ellipse.validator.Point2DValidator - Point2DValidator created.
2019-02-26 21:52:44.047 [main] DEBUG by.tolkun.ellipse.validator.Point2DValidator - Dataset [1.0, 1.0] is valid.
2019-02-26 21:52:44.047 [main] DEBUG tolkun.ellipse.entity.geometry.Point2D - Point created: x = 1.0, y = 1.0.
2019-02-26 21:52:44.048 [main] DEBUG by.tolkun.ellipse.parser.DoubleArrayParser - DoubleArrayParser created.
2019-02-26 21:52:44.048 [main] DEBUG by.tolkun.ellipse.validator.StringValidator - StringValidator created.
2019-02-26 21:52:44.048 [main] DEBUG by.tolkun.ellipse.validator.StringValidator - String "-1 -1" is valid.
2019-02-26 21:52:44.048 [main] DEBUG by.tolkun.ellipse.parser.DoubleArrayParser - String "-1 -1" parsed into [-1.0, -1.0].
2019-02-26 21:52:44.048 [main] DEBUG tolkun.ellipse.factory.geometry.Point2DFactory - Point2DFactory created.
2019-02-26 21:52:44.048 [main] DEBUG by.tolkun.ellipse.validator.Point2DValidator - Point2DValidator created.
2019-02-26 21:52:44.048 [main] DEBUG by.tolkun.ellipse.validator.Point2DValidator - Dataset [-1.0, -1.0] is valid.
2019-02-26 21:52:44.049 [main] DEBUG tolkun.ellipse.entity.geometry.Point2D - Point created: x = -1.0, y = -1.0.
2019-02-26 21:52:44.049 [main] DEBUG by.tolkun.ellipse.parser.DoubleArrayParser - DoubleArrayParser created.
2019-02-26 21:52:44.049 [main] DEBUG by.tolkun.ellipse.validator.StringValidator - StringValidator created.
2019-02-26 21:52:44.049 [main] DEBUG by.tolkun.ellipse.validator.StringValidator - String "1 -1" is valid.
2019-02-26 21:52:44.050 [main] DEBUG by.tolkun.ellipse.parser.DoubleArrayParser - String "1 -1" parsed into [1.0, -1.0].
2019-02-26 21:52:44.050 [main] DEBUG tolkun.ellipse.factory.geometry.Point2DFactory - Point2DFactory created.
2019-02-26 21:52:44.050 [main] DEBUG by.tolkun.ellipse.validator.Point2DValidator - Point2DValidator created.
2019-02-26 21:52:44.050 [main] DEBUG by.tolkun.ellipse.validator.Point2DValidator - Dataset [1.0, -1.0] is valid.
2019-02-26 21:52:44.050 [main] DEBUG tolkun.ellipse.entity.geometry.Point2D - Point created: x = 1.0, y = -1.0.
2019-02-26 21:52:44.052 [main] DEBUG by.tolkun.ellipse.parser.DoubleArrayParser - DoubleArrayParser created.
2019-02-26 21:52:44.052 [main] DEBUG by.tolkun.ellipse.validator.StringValidator - StringValidator created.
2019-02-26 21:52:44.053 [main] DEBUG by.tolkun.ellipse.validator.StringValidator - String "-1 1" is valid.
2019-02-26 21:52:44.053 [main] DEBUG by.tolkun.ellipse.parser.DoubleArrayParser - String "-1 1" parsed into [-1.0, 1.0].
2019-02-26 21:52:44.053 [main] DEBUG tolkun.ellipse.factory.geometry.Point2DFactory - Point2DFactory created.
2019-02-26 21:52:44.053 [main] DEBUG by.tolkun.ellipse.validator.Point2DValidator - Point2DValidator created.
2019-02-26 21:52:44.053 [main] DEBUG by.tolkun.ellipse.validator.Point2DValidator - Dataset [-1.0, 1.0] is valid.
2019-02-26 21:52:44.053 [main] DEBUG tolkun.ellipse.entity.geometry.Point2D - Point created: x = -1.0, y = 1.0.
2019-02-26 21:52:44.056 [main] DEBUG by.tolkun.ellipse.validator.EllipseValidator - EllipseValidator created.
2019-02-26 21:52:44.056 [main] DEBUG by.tolkun.ellipse.validator.EllipseValidator - Dataset [] is invalid.
2019-02-26 21:52:44.057 [main] DEBUG by.tolkun.ellipse.validator.EllipseValidator - EllipseValidator created.
2019-02-26 21:52:44.057 [main] DEBUG by.tolkun.ellipse.validator.EllipseValidator - Dataset [0.1] is invalid.
2019-02-26 21:52:44.058 [main] DEBUG by.tolkun.ellipse.validator.EllipseValidator - EllipseValidator created.
2019-02-26 21:52:44.058 [main] DEBUG by.tolkun.ellipse.validator.EllipseValidator - Dataset [10.0, 12.0] is invalid.
2019-02-26 21:52:44.059 [main] DEBUG by.tolkun.ellipse.validator.EllipseValidator - EllipseValidator created.
2019-02-26 21:52:44.059 [main] DEBUG by.tolkun.ellipse.validator.EllipseValidator - Dataset [10.0, 0.0, 0.18] is invalid.
2019-02-26 21:52:44.060 [main] DEBUG by.tolkun.ellipse.validator.EllipseValidator - EllipseValidator created.
2019-02-26 21:52:44.060 [main] DEBUG by.tolkun.ellipse.validator.EllipseValidator - Dataset [2.0, 2.0, 2.0, 2.0] is invalid.
2019-02-26 21:52:44.061 [main] DEBUG by.tolkun.ellipse.validator.EllipseValidator - EllipseValidator created.
2019-02-26 21:52:44.061 [main] DEBUG by.tolkun.ellipse.validator.EllipseValidator - Dataset [2.0, 4.0, 2.0, 3.0] is invalid.
2019-02-26 21:52:44.062 [main] DEBUG by.tolkun.ellipse.validator.EllipseValidator - EllipseValidator created.
2019-02-26 21:52:44.062 [main] DEBUG by.tolkun.ellipse.validator.EllipseValidator - Dataset [3.0, 2.0, 4.0, 2.0] is invalid.
2019-02-26 21:52:44.063 [main] DEBUG by.tolkun.ellipse.validator.EllipseValidator - EllipseValidator created.
2019-02-26 21:52:44.063 [main] DEBUG by.tolkun.ellipse.validator.EllipseValidator - Dataset [3.0, 2.0, 4.0, 2.0, 0.0] is invalid.
2019-02-26 21:52:44.065 [main] DEBUG by.tolkun.ellipse.parser.DoubleArrayParser - DoubleArrayParser created.
2019-02-26 21:52:44.065 [main] DEBUG by.tolkun.ellipse.validator.StringValidator - StringValidator created.
2019-02-26 21:52:44.065 [main] DEBUG by.tolkun.ellipse.validator.StringValidator - String "" is valid.
2019-02-26 21:52:44.065 [main] DEBUG by.tolkun.ellipse.parser.DoubleArrayParser - String "" parsed into [].
2019-02-26 21:52:44.066 [main] DEBUG by.tolkun.ellipse.validator.EllipseValidator - EllipseValidator created.
2019-02-26 21:52:44.066 [main] DEBUG by.tolkun.ellipse.validator.EllipseValidator - Dataset [] is invalid.
2019-02-26 21:52:44.067 [main] DEBUG by.tolkun.ellipse.parser.DoubleArrayParser - DoubleArrayParser created.
2019-02-26 21:52:44.067 [main] DEBUG by.tolkun.ellipse.validator.StringValidator - StringValidator created.
2019-02-26 21:52:44.067 [main] DEBUG by.tolkun.ellipse.validator.StringValidator - String "0.1" is valid.
2019-02-26 21:52:44.069 [main] DEBUG by.tolkun.ellipse.parser.DoubleArrayParser - String "0.1" parsed into [0.1].
2019-02-26 21:52:44.069 [main] DEBUG by.tolkun.ellipse.validator.EllipseValidator - EllipseValidator created.
2019-02-26 21:52:44.069 [main] DEBUG by.tolkun.ellipse.validator.EllipseValidator - Dataset [0.1] is invalid.
2019-02-26 21:52:44.070 [main] DEBUG by.tolkun.ellipse.parser.DoubleArrayParser - DoubleArrayParser created.
2019-02-26 21:52:44.070 [main] DEBUG by.tolkun.ellipse.validator.StringValidator - StringValidator created.
2019-02-26 21:52:44.070 [main] DEBUG by.tolkun.ellipse.validator.StringValidator - String "10., 12" is valid.
2019-02-26 21:52:44.070 [main] DEBUG by.tolkun.ellipse.parser.DoubleArrayParser - String "10., 12" parsed into [10.0, 12.0].
2019-02-26 21:52:44.070 [main] DEBUG by.tolkun.ellipse.validator.EllipseValidator - EllipseValidator created.
2019-02-26 21:52:44.070 [main] DEBUG by.tolkun.ellipse.validator.EllipseValidator - Dataset [10.0, 12.0] is invalid.
2019-02-26 21:52:44.071 [main] DEBUG by.tolkun.ellipse.parser.DoubleArrayParser - DoubleArrayParser created.
2019-02-26 21:52:44.071 [main] DEBUG by.tolkun.ellipse.validator.StringValidator - StringValidator created.
2019-02-26 21:52:44.071 [main] DEBUG by.tolkun.ellipse.validator.StringValidator - String "10., 0, .18" is valid.
2019-02-26 21:52:44.071 [main] DEBUG by.tolkun.ellipse.parser.DoubleArrayParser - String "10., 0, .18" parsed into [10.0, 0.0, 0.18].
2019-02-26 21:52:44.071 [main] DEBUG by.tolkun.ellipse.validator.EllipseValidator - EllipseValidator created.
2019-02-26 21:52:44.071 [main] DEBUG by.tolkun.ellipse.validator.EllipseValidator - Dataset [10.0, 0.0, 0.18] is invalid.
2019-02-26 21:52:44.072 [main] DEBUG by.tolkun.ellipse.parser.DoubleArrayParser - DoubleArrayParser created.
2019-02-26 21:52:44.072 [main] DEBUG by.tolkun.ellipse.validator.StringValidator - StringValidator created.
2019-02-26 21:52:44.072 [main] DEBUG by.tolkun.ellipse.validator.StringValidator - String "2, 2, 2, 2" is valid.
2019-02-26 21:52:44.073 [main] DEBUG by.tolkun.ellipse.parser.DoubleArrayParser - String "2, 2, 2, 2" parsed into [2.0, 2.0, 2.0, 2.0].
2019-02-26 21:52:44.073 [main] DEBUG by.tolkun.ellipse.validator.EllipseValidator - EllipseValidator created.
2019-02-26 21:52:44.073 [main] DEBUG by.tolkun.ellipse.validator.EllipseValidator - Dataset [2.0, 2.0, 2.0, 2.0] is invalid.
2019-02-26 21:52:44.073 [main] DEBUG by.tolkun.ellipse.parser.DoubleArrayParser - DoubleArrayParser created.
2019-02-26 21:52:44.073 [main] DEBUG by.tolkun.ellipse.validator.StringValidator - StringValidator created.
2019-02-26 21:52:44.074 [main] DEBUG by.tolkun.ellipse.validator.StringValidator - String "2, 4, 2, 3" is valid.
2019-02-26 21:52:44.074 [main] DEBUG by.tolkun.ellipse.parser.DoubleArrayParser - String "2, 4, 2, 3" parsed into [2.0, 4.0, 2.0, 3.0].
2019-02-26 21:52:44.074 [main] DEBUG by.tolkun.ellipse.validator.EllipseValidator - EllipseValidator created.
2019-02-26 21:52:44.074 [main] DEBUG by.tolkun.ellipse.validator.EllipseValidator - Dataset [2.0, 4.0, 2.0, 3.0] is invalid.
2019-02-26 21:52:44.075 [main] DEBUG by.tolkun.ellipse.parser.DoubleArrayParser - DoubleArrayParser created.
2019-02-26 21:52:44.075 [main] DEBUG by.tolkun.ellipse.validator.StringValidator - StringValidator created.
2019-02-26 21:52:44.075 [main] DEBUG by.tolkun.ellipse.validator.StringValidator - String "3, 2, 4, 2" is valid.
2019-02-26 21:52:44.075 [main] DEBUG by.tolkun.ellipse.parser.DoubleArrayParser - String "3, 2, 4, 2" parsed into [3.0, 2.0, 4.0, 2.0].
2019-02-26 21:52:44.075 [main] DEBUG by.tolkun.ellipse.validator.EllipseValidator - EllipseValidator created.
2019-02-26 21:52:44.075 [main] DEBUG by.tolkun.ellipse.validator.EllipseValidator - Dataset [3.0, 2.0, 4.0, 2.0] is invalid.
2019-02-26 21:52:44.076 [main] DEBUG by.tolkun.ellipse.parser.DoubleArrayParser - DoubleArrayParser created.
2019-02-26 21:52:44.076 [main] DEBUG by.tolkun.ellipse.validator.StringValidator - StringValidator created.
2019-02-26 21:52:44.078 [main] DEBUG by.tolkun.ellipse.validator.StringValidator - String "3, 2, 4, 2, 0" is valid.
2019-02-26 21:52:44.080 [main] DEBUG by.tolkun.ellipse.parser.DoubleArrayParser - String "3, 2, 4, 2, 0" parsed into [3.0, 2.0, 4.0, 2.0, 0.0].
2019-02-26 21:52:44.080 [main] DEBUG by.tolkun.ellipse.validator.EllipseValidator - EllipseValidator created.
2019-02-26 21:52:44.080 [main] DEBUG by.tolkun.ellipse.validator.EllipseValidator - Dataset [3.0, 2.0, 4.0, 2.0, 0.0] is invalid.
2019-02-26 21:52:44.081 [main] DEBUG tolkun.ellipse.entity.geometry.Point2D - Point created: x = -1.0, y = 1.0.
2019-02-26 21:52:44.081 [main] DEBUG tolkun.ellipse.entity.geometry.Point2D - Point created: x = 1.0, y = -1.0.
2019-02-26 21:52:44.082 [main] DEBUG tolkun.ellipse.entity.geometry.Ellipse - Ellipse created.
2019-02-26 21:52:44.082 [main] DEBUG tolkun.ellipse.entity.geometry.Point2D - Point created: x = -1.0, y = 1.0.
2019-02-26 21:52:44.082 [main] DEBUG tolkun.ellipse.entity.geometry.Point2D - Point created: x = 1.0, y = -1.0.
2019-02-26 21:52:44.082 [main] DEBUG tolkun.ellipse.entity.geometry.Ellipse - Ellipse created.
2019-02-26 21:52:44.082 [main] DEBUG tolkun.ellipse.entity.geometry.Point2D - Point created: x = 0.0, y = 0.0.
2019-02-26 21:52:44.082 [main] DEBUG tolkun.ellipse.entity.geometry.Point2D - Point created: x = 0.1, y = -1.0.
2019-02-26 21:52:44.082 [main] DEBUG tolkun.ellipse.entity.geometry.Ellipse - Ellipse created.
2019-02-26 21:52:44.083 [main] DEBUG by.tolkun.ellipse.validator.EllipseValidator - EllipseValidator created.
2019-02-26 21:52:44.083 [main] DEBUG by.tolkun.ellipse.validator.EllipseValidator - Dataset [-1.0, 1.0, 1.0, -1.0] is valid.
2019-02-26 21:52:44.083 [main] DEBUG tolkun.ellipse.factory.geometry.Point2DFactory - Point2DFactory created.
2019-02-26 21:52:44.083 [main] DEBUG by.tolkun.ellipse.validator.Point2DValidator - Point2DValidator created.
2019-02-26 21:52:44.083 [main] DEBUG by.tolkun.ellipse.validator.Point2DValidator - Dataset [-1.0, 1.0] is valid.
2019-02-26 21:52:44.083 [main] DEBUG tolkun.ellipse.entity.geometry.Point2D - Point created: x = -1.0, y = 1.0.
2019-02-26 21:52:44.083 [main] DEBUG by.tolkun.ellipse.validator.Point2DValidator - Point2DValidator created.
2019-02-26 21:52:44.084 [main] DEBUG by.tolkun.ellipse.validator.Point2DValidator - Dataset [1.0, -1.0] is valid.
2019-02-26 21:52:44.084 [main] DEBUG tolkun.ellipse.entity.geometry.Point2D - Point created: x = 1.0, y = -1.0.
2019-02-26 21:52:44.084 [main] DEBUG tolkun.ellipse.entity.geometry.Ellipse - Ellipse created.
2019-02-26 21:52:44.085 [main] DEBUG by.tolkun.ellipse.validator.EllipseValidator - EllipseValidator created.
2019-02-26 21:52:44.085 [main] DEBUG by.tolkun.ellipse.validator.EllipseValidator - Dataset [-1.0, 1.0, 1.0, -1.0] is valid.
2019-02-26 21:52:44.085 [main] DEBUG tolkun.ellipse.factory.geometry.Point2DFactory - Point2DFactory created.
2019-02-26 21:52:44.085 [main] DEBUG by.tolkun.ellipse.validator.Point2DValidator - Point2DValidator created.
2019-02-26 21:52:44.085 [main] DEBUG by.tolkun.ellipse.validator.Point2DValidator - Dataset [-1.0, 1.0] is valid.
2019-02-26 21:52:44.085 [main] DEBUG tolkun.ellipse.entity.geometry.Point2D - Point created: x = -1.0, y = 1.0.
2019-02-26 21:52:44.085 [main] DEBUG by.tolkun.ellipse.validator.Point2DValidator - Point2DValidator created.
2019-02-26 21:52:44.085 [main] DEBUG by.tolkun.ellipse.validator.Point2DValidator - Dataset [1.0, -1.0] is valid.
2019-02-26 21:52:44.085 [main] DEBUG tolkun.ellipse.entity.geometry.Point2D - Point created: x = 1.0, y = -1.0.
2019-02-26 21:52:44.085 [main] DEBUG tolkun.ellipse.entity.geometry.Ellipse - Ellipse created.
2019-02-26 21:52:44.086 [main] DEBUG by.tolkun.ellipse.validator.EllipseValidator - EllipseValidator created.
2019-02-26 21:52:44.086 [main] DEBUG by.tolkun.ellipse.validator.EllipseValidator - Dataset [0.0, 0.0, 0.1, -1.0] is valid.
2019-02-26 21:52:44.086 [main] DEBUG tolkun.ellipse.factory.geometry.Point2DFactory - Point2DFactory created.
2019-02-26 21:52:44.087 [main] DEBUG by.tolkun.ellipse.validator.Point2DValidator - Point2DValidator created.
2019-02-26 21:52:44.087 [main] DEBUG by.tolkun.ellipse.validator.Point2DValidator - Dataset [0.0, 0.0] is valid.
2019-02-26 21:52:44.087 [main] DEBUG tolkun.ellipse.entity.geometry.Point2D - Point created: x = 0.0, y = 0.0.
2019-02-26 21:52:44.087 [main] DEBUG by.tolkun.ellipse.validator.Point2DValidator - Point2DValidator created.
2019-02-26 21:52:44.087 [main] DEBUG by.tolkun.ellipse.validator.Point2DValidator - Dataset [0.1, -1.0] is valid.
2019-02-26 21:52:44.088 [main] DEBUG tolkun.ellipse.entity.geometry.Point2D - Point created: x = 0.1, y = -1.0.
2019-02-26 21:52:44.088 [main] DEBUG tolkun.ellipse.entity.geometry.Ellipse - Ellipse created.
2019-02-26 21:52:44.089 [main] DEBUG tolkun.ellipse.entity.geometry.Point2D - Point created: x = -1.0, y = 1.0.
2019-02-26 21:52:44.089 [main] DEBUG tolkun.ellipse.entity.geometry.Point2D - Point created: x = 1.0, y = -1.0.
2019-02-26 21:52:44.089 [main] DEBUG tolkun.ellipse.entity.geometry.Ellipse - Ellipse created.
2019-02-26 21:52:44.089 [main] DEBUG tolkun.ellipse.entity.geometry.Point2D - Point created: x = -1.0, y = 1.0.
2019-02-26 21:52:44.089 [main] DEBUG tolkun.ellipse.entity.geometry.Point2D - Point created: x = 1.0, y = -1.0.
2019-02-26 21:52:44.089 [main] DEBUG tolkun.ellipse.entity.geometry.Ellipse - Ellipse created.
2019-02-26 21:52:44.089 [main] DEBUG tolkun.ellipse.entity.geometry.Point2D - Point created: x = 0.0, y = 0.0.
2019-02-26 21:52:44.089 [main] DEBUG tolkun.ellipse.entity.geometry.Point2D - Point created: x = 0.1, y = -1.0.
2019-02-26 21:52:44.089 [main] DEBUG tolkun.ellipse.entity.geometry.Ellipse - Ellipse created.
2019-02-26 21:52:44.090 [main] DEBUG by.tolkun.ellipse.parser.DoubleArrayParser - DoubleArrayParser created.
2019-02-26 21:52:44.090 [main] DEBUG by.tolkun.ellipse.validator.StringValidator - StringValidator created.
2019-02-26 21:52:44.090 [main] DEBUG by.tolkun.ellipse.validator.StringValidator - String "-1, 1, 1, -1" is valid.
2019-02-26 21:52:44.091 [main] DEBUG by.tolkun.ellipse.parser.DoubleArrayParser - String "-1, 1, 1, -1" parsed into [-1.0, 1.0, 1.0, -1.0].
2019-02-26 21:52:44.091 [main] DEBUG by.tolkun.ellipse.validator.EllipseValidator - EllipseValidator created.
2019-02-26 21:52:44.091 [main] DEBUG by.tolkun.ellipse.validator.EllipseValidator - Dataset [-1.0, 1.0, 1.0, -1.0] is valid.
2019-02-26 21:52:44.091 [main] DEBUG tolkun.ellipse.factory.geometry.Point2DFactory - Point2DFactory created.
2019-02-26 21:52:44.091 [main] DEBUG by.tolkun.ellipse.validator.Point2DValidator - Point2DValidator created.
2019-02-26 21:52:44.091 [main] DEBUG by.tolkun.ellipse.validator.Point2DValidator - Dataset [-1.0, 1.0] is valid.
2019-02-26 21:52:44.091 [main] DEBUG tolkun.ellipse.entity.geometry.Point2D - Point created: x = -1.0, y = 1.0.
2019-02-26 21:52:44.091 [main] DEBUG by.tolkun.ellipse.validator.Point2DValidator - Point2DValidator created.
2019-02-26 21:52:44.091 [main] DEBUG by.tolkun.ellipse.validator.Point2DValidator - Dataset [1.0, -1.0] is valid.
2019-02-26 21:52:44.091 [main] DEBUG tolkun.ellipse.entity.geometry.Point2D - Point created: x = 1.0, y = -1.0.
2019-02-26 21:52:44.091 [main] DEBUG tolkun.ellipse.entity.geometry.Ellipse - Ellipse created.
2019-02-26 21:52:44.092 [main] DEBUG by.tolkun.ellipse.parser.DoubleArrayParser - DoubleArrayParser created.
2019-02-26 21:52:44.092 [main] DEBUG by.tolkun.ellipse.validator.StringValidator - StringValidator created.
2019-02-26 21:52:44.092 [main] DEBUG by.tolkun.ellipse.validator.StringValidator - String "-1.0, 1.0, 1.0, -1.0" is valid.
2019-02-26 21:52:44.093 [main] DEBUG by.tolkun.ellipse.parser.DoubleArrayParser - String "-1.0, 1.0, 1.0, -1.0" parsed into [-1.0, 1.0, 1.0, -1.0].
2019-02-26 21:52:44.093 [main] DEBUG by.tolkun.ellipse.validator.EllipseValidator - EllipseValidator created.
2019-02-26 21:52:44.093 [main] DEBUG by.tolkun.ellipse.validator.EllipseValidator - Dataset [-1.0, 1.0, 1.0, -1.0] is valid.
2019-02-26 21:52:44.093 [main] DEBUG tolkun.ellipse.factory.geometry.Point2DFactory - Point2DFactory created.
2019-02-26 21:52:44.093 [main] DEBUG by.tolkun.ellipse.validator.Point2DValidator - Point2DValidator created.
2019-02-26 21:52:44.093 [main] DEBUG by.tolkun.ellipse.validator.Point2DValidator - Dataset [-1.0, 1.0] is valid.
2019-02-26 21:52:44.093 [main] DEBUG tolkun.ellipse.entity.geometry.Point2D - Point created: x = -1.0, y = 1.0.
2019-02-26 21:52:44.093 [main] DEBUG by.tolkun.ellipse.validator.Point2DValidator - Point2DValidator created.
2019-02-26 21:52:44.093 [main] DEBUG by.tolkun.ellipse.validator.Point2DValidator - Dataset [1.0, -1.0] is valid.
2019-02-26 21:52:44.093 [main] DEBUG tolkun.ellipse.entity.geometry.Point2D - Point created: x = 1.0, y = -1.0.
2019-02-26 21:52:44.093 [main] DEBUG tolkun.ellipse.entity.geometry.Ellipse - Ellipse created.
2019-02-26 21:52:44.094 [main] DEBUG by.tolkun.ellipse.parser.DoubleArrayParser - DoubleArrayParser created.
2019-02-26 21:52:44.094 [main] DEBUG by.tolkun.ellipse.validator.StringValidator - StringValidator created.
2019-02-26 21:52:44.094 [main] DEBUG by.tolkun.ellipse.validator.StringValidator - String ".0, 0., .1, -1." is valid.
2019-02-26 21:52:44.095 [main] DEBUG by.tolkun.ellipse.parser.DoubleArrayParser - String ".0, 0., .1, -1." parsed into [0.0, 0.0, 0.1, -1.0].
2019-02-26 21:52:44.095 [main] DEBUG by.tolkun.ellipse.validator.EllipseValidator - EllipseValidator created.
2019-02-26 21:52:44.095 [main] DEBUG by.tolkun.ellipse.validator.EllipseValidator - Dataset [0.0, 0.0, 0.1, -1.0] is valid.
2019-02-26 21:52:44.095 [main] DEBUG tolkun.ellipse.factory.geometry.Point2DFactory - Point2DFactory created.
2019-02-26 21:52:44.095 [main] DEBUG by.tolkun.ellipse.validator.Point2DValidator - Point2DValidator created.
2019-02-26 21:52:44.095 [main] DEBUG by.tolkun.ellipse.validator.Point2DValidator - Dataset [0.0, 0.0] is valid.
2019-02-26 21:52:44.095 [main] DEBUG tolkun.ellipse.entity.geometry.Point2D - Point created: x = 0.0, y = 0.0.
2019-02-26 21:52:44.095 [main] DEBUG by.tolkun.ellipse.validator.Point2DValidator - Point2DValidator created.
2019-02-26 21:52:44.095 [main] DEBUG by.tolkun.ellipse.validator.Point2DValidator - Dataset [0.1, -1.0] is valid.
2019-02-26 21:52:44.095 [main] DEBUG tolkun.ellipse.entity.geometry.Point2D - Point created: x = 0.1, y = -1.0.
2019-02-26 21:52:44.095 [main] DEBUG tolkun.ellipse.entity.geometry.Ellipse - Ellipse created.
2019-02-26 21:52:44.097 [main] DEBUG tolkun.ellipse.entity.geometry.Point2D - Point created: x = -2.0, y = 1.0.
2019-02-26 21:52:44.097 [main] DEBUG tolkun.ellipse.entity.geometry.Point2D - Point created: x = 2.0, y = -1.0.
2019-02-26 21:52:44.097 [main] DEBUG tolkun.ellipse.entity.geometry.Ellipse - Ellipse created.
2019-02-26 21:52:44.098 [main] DEBUG tolkun.ellipse.entity.geometry.Point2D - Point created: x = 1.5, y = 3.5.
2019-02-26 21:52:44.098 [main] DEBUG tolkun.ellipse.entity.geometry.Point2D - Point created: x = 4.5, y = -3.5.
2019-02-26 21:52:44.098 [main] DEBUG tolkun.ellipse.entity.geometry.Ellipse - Ellipse created.
2019-02-26 21:52:44.099 [main] DEBUG tolkun.ellipse.entity.geometry.Point2D - Point created: x = -7.0, y = 1.0.
2019-02-26 21:52:44.100 [main] DEBUG tolkun.ellipse.entity.geometry.Point2D - Point created: x = -1.0, y = 5.0.
2019-02-26 21:52:44.100 [main] DEBUG tolkun.ellipse.entity.geometry.Ellipse - Ellipse created.
2019-02-26 21:52:44.101 [main] DEBUG tolkun.ellipse.entity.geometry.Point2D - Point created: x = -1.5, y = 4.0.
2019-02-26 21:52:44.101 [main] DEBUG tolkun.ellipse.entity.geometry.Point2D - Point created: x = 1.5, y = 2.0.
2019-02-26 21:52:44.101 [main] DEBUG tolkun.ellipse.entity.geometry.Ellipse - Ellipse created.
2019-02-26 21:52:44.102 [main] DEBUG tolkun.ellipse.entity.geometry.Point2D - Point created: x = -4.0, y = 1.0.
2019-02-26 21:52:44.102 [main] DEBUG tolkun.ellipse.entity.geometry.Point2D - Point created: x = -2.0, y = 5.0.
2019-02-26 21:52:44.102 [main] DEBUG tolkun.ellipse.entity.geometry.Ellipse - Ellipse created.
2019-02-26 21:52:44.104 [main] DEBUG tolkun.ellipse.entity.geometry.Point2D - Point created: x = -6.5, y = 2.0.
2019-02-26 21:52:44.104 [main] DEBUG tolkun.ellipse.entity.geometry.Point2D - Point created: x = -2.0, y = -2.0.
2019-02-26 21:52:44.104 [main] DEBUG tolkun.ellipse.entity.geometry.Ellipse - Ellipse created.
2019-02-26 21:52:44.105 [main] DEBUG tolkun.ellipse.entity.geometry.Point2D - Point created: x = 2.0, y = -2.0.
2019-02-26 21:52:44.105 [main] DEBUG tolkun.ellipse.entity.geometry.Point2D - Point created: x = 6.5, y = -6.0.
2019-02-26 21:52:44.105 [main] DEBUG tolkun.ellipse.entity.geometry.Ellipse - Ellipse created.
2019-02-26 21:52:44.106 [main] DEBUG tolkun.ellipse.factory.geometry.EllipseFactory - EllipseFactory created.
2019-02-26 21:52:44.106 [main] DEBUG by.tolkun.ellipse.validator.EllipseValidator - EllipseValidator created.
2019-02-26 21:52:44.106 [main] DEBUG by.tolkun.ellipse.validator.EllipseValidator - Dataset [0.0, 0.0, 4.0, 4.0] is valid.
2019-02-26 21:52:44.106 [main] DEBUG tolkun.ellipse.factory.geometry.Point2DFactory - Point2DFactory created.
2019-02-26 21:52:44.106 [main] DEBUG by.tolkun.ellipse.validator.Point2DValidator - Point2DValidator created.
2019-02-26 21:52:44.106 [main] DEBUG by.tolkun.ellipse.validator.Point2DValidator - Dataset [0.0, 4.0] is valid.
2019-02-26 21:52:44.106 [main] DEBUG tolkun.ellipse.entity.geometry.Point2D - Point created: x = 0.0, y = 4.0.
2019-02-26 21:52:44.106 [main] DEBUG by.tolkun.ellipse.validator.Point2DValidator - Point2DValidator created.
2019-02-26 21:52:44.106 [main] DEBUG by.tolkun.ellipse.validator.Point2DValidator - Dataset [4.0, 0.0] is valid.
2019-02-26 21:52:44.106 [main] DEBUG tolkun.ellipse.entity.geometry.Point2D - Point created: x = 4.0, y = 0.0.
2019-02-26 21:52:44.106 [main] DEBUG tolkun.ellipse.entity.geometry.Ellipse - Ellipse created.
2019-02-26 21:52:44.107 [main] DEBUG by.tolkun.ellipse.action.EllipseAction - Perimeter calculated: 12.566370614359172
2019-02-26 21:52:44.107 [main] DEBUG tolkun.ellipse.factory.geometry.EllipseFactory - EllipseFactory created.
2019-02-26 21:52:44.107 [main] DEBUG by.tolkun.ellipse.validator.EllipseValidator - EllipseValidator created.
2019-02-26 21:52:44.107 [main] DEBUG by.tolkun.ellipse.validator.EllipseValidator - Dataset [2.5, 3.2, -6.6, -3.1] is valid.
2019-02-26 21:52:44.107 [main] DEBUG tolkun.ellipse.factory.geometry.Point2DFactory - Point2DFactory created.
2019-02-26 21:52:44.107 [main] DEBUG by.tolkun.ellipse.validator.Point2DValidator - Point2DValidator created.
2019-02-26 21:52:44.108 [main] DEBUG by.tolkun.ellipse.validator.Point2DValidator - Dataset [-6.6, 3.2] is valid.
2019-02-26 21:52:44.108 [main] DEBUG tolkun.ellipse.entity.geometry.Point2D - Point created: x = -6.6, y = 3.2.
2019-02-26 21:52:44.108 [main] DEBUG by.tolkun.ellipse.validator.Point2DValidator - Point2DValidator created.
2019-02-26 21:52:44.108 [main] DEBUG by.tolkun.ellipse.validator.Point2DValidator - Dataset [2.5, -3.1] is valid.
2019-02-26 21:52:44.108 [main] DEBUG tolkun.ellipse.entity.geometry.Point2D - Point created: x = 2.5, y = -3.1.
2019-02-26 21:52:44.108 [main] DEBUG tolkun.ellipse.entity.geometry.Ellipse - Ellipse created.
2019-02-26 21:52:44.108 [main] DEBUG by.tolkun.ellipse.action.EllipseAction - Perimeter calculated: 24.19026343264141
2019-02-26 21:52:44.108 [main] DEBUG tolkun.ellipse.factory.geometry.EllipseFactory - EllipseFactory created.
2019-02-26 21:52:44.108 [main] DEBUG by.tolkun.ellipse.validator.EllipseValidator - EllipseValidator created.
2019-02-26 21:52:44.109 [main] DEBUG by.tolkun.ellipse.validator.EllipseValidator - Dataset [-6.6, -3.1, 2.5, 3.2] is valid.
2019-02-26 21:52:44.109 [main] DEBUG tolkun.ellipse.factory.geometry.Point2DFactory - Point2DFactory created.
2019-02-26 21:52:44.109 [main] DEBUG by.tolkun.ellipse.validator.Point2DValidator - Point2DValidator created.
2019-02-26 21:52:44.109 [main] DEBUG by.tolkun.ellipse.validator.Point2DValidator - Dataset [-6.6, 3.2] is valid.
2019-02-26 21:52:44.109 [main] DEBUG tolkun.ellipse.entity.geometry.Point2D - Point created: x = -6.6, y = 3.2.
2019-02-26 21:52:44.109 [main] DEBUG by.tolkun.ellipse.validator.Point2DValidator - Point2DValidator created.
2019-02-26 21:52:44.109 [main] DEBUG by.tolkun.ellipse.validator.Point2DValidator - Dataset [2.5, -3.1] is valid.
2019-02-26 21:52:44.109 [main] DEBUG tolkun.ellipse.entity.geometry.Point2D - Point created: x = 2.5, y = -3.1.
2019-02-26 21:52:44.109 [main] DEBUG tolkun.ellipse.entity.geometry.Ellipse - Ellipse created.
2019-02-26 21:52:44.109 [main] DEBUG by.tolkun.ellipse.action.EllipseAction - Perimeter calculated: 24.19026343264141
2019-02-26 21:52:44.110 [main] DEBUG tolkun.ellipse.factory.geometry.EllipseFactory - EllipseFactory created.
2019-02-26 21:52:44.110 [main] DEBUG by.tolkun.ellipse.validator.EllipseValidator - EllipseValidator created.
2019-02-26 21:52:44.110 [main] DEBUG by.tolkun.ellipse.validator.EllipseValidator - Dataset [-3.0, -1.0, -1.0, -5.0] is valid.
2019-02-26 21:52:44.110 [main] DEBUG tolkun.ellipse.factory.geometry.Point2DFactory - Point2DFactory created.
2019-02-26 21:52:44.110 [main] DEBUG by.tolkun.ellipse.validator.Point2DValidator - Point2DValidator created.
2019-02-26 21:52:44.110 [main] DEBUG by.tolkun.ellipse.validator.Point2DValidator - Dataset [-3.0, -1.0] is valid.
2019-02-26 21:52:44.110 [main] DEBUG tolkun.ellipse.entity.geometry.Point2D - Point created: x = -3.0, y = -1.0.
2019-02-26 21:52:44.110 [main] DEBUG by.tolkun.ellipse.validator.Point2DValidator - Point2DValidator created.
2019-02-26 21:52:44.110 [main] DEBUG by.tolkun.ellipse.validator.Point2DValidator - Dataset [-1.0, -5.0] is valid.
2019-02-26 21:52:44.110 [main] DEBUG tolkun.ellipse.entity.geometry.Point2D - Point created: x = -1.0, y = -5.0.
2019-02-26 21:52:44.110 [main] DEBUG tolkun.ellipse.entity.geometry.Ellipse - Ellipse created.
2019-02-26 21:52:44.110 [main] DEBUG by.tolkun.ellipse.action.EllipseAction - Perimeter calculated: 9.42477796076938
2019-02-26 21:52:44.111 [main] DEBUG tolkun.ellipse.factory.geometry.EllipseFactory - EllipseFactory created.
2019-02-26 21:52:44.111 [main] DEBUG by.tolkun.ellipse.validator.EllipseValidator - EllipseValidator created.
2019-02-26 21:52:44.111 [main] DEBUG by.tolkun.ellipse.validator.EllipseValidator - Dataset [-2.0, 3.0, 0.0, -3.0] is valid.
2019-02-26 21:52:44.111 [main] DEBUG tolkun.ellipse.factory.geometry.Point2DFactory - Point2DFactory created.
2019-02-26 21:52:44.111 [main] DEBUG by.tolkun.ellipse.validator.Point2DValidator - Point2DValidator created.
2019-02-26 21:52:44.111 [main] DEBUG by.tolkun.ellipse.validator.Point2DValidator - Dataset [-2.0, 3.0] is valid.
2019-02-26 21:52:44.111 [main] DEBUG tolkun.ellipse.entity.geometry.Point2D - Point created: x = -2.0, y = 3.0.
2019-02-26 21:52:44.111 [main] DEBUG by.tolkun.ellipse.validator.Point2DValidator - Point2DValidator created.
2019-02-26 21:52:44.111 [main] DEBUG by.tolkun.ellipse.validator.Point2DValidator - Dataset [0.0, -3.0] is valid.
2019-02-26 21:52:44.111 [main] DEBUG tolkun.ellipse.entity.geometry.Point2D - Point created: x = 0.0, y = -3.0.
2019-02-26 21:52:44.111 [main] DEBUG tolkun.ellipse.entity.geometry.Ellipse - Ellipse created.
2019-02-26 21:52:44.111 [main] DEBUG by.tolkun.ellipse.action.EllipseAction - Perimeter calculated: 12.566370614359172
2019-02-26 21:52:44.112 [main] DEBUG tolkun.ellipse.factory.geometry.EllipseFactory - EllipseFactory created.
2019-02-26 21:52:44.112 [main] DEBUG by.tolkun.ellipse.validator.EllipseValidator - EllipseValidator created.
2019-02-26 21:52:44.112 [main] DEBUG by.tolkun.ellipse.validator.EllipseValidator - Dataset [0.0, -3.0, -2.0, 3.0] is valid.
2019-02-26 21:52:44.112 [main] DEBUG tolkun.ellipse.factory.geometry.Point2DFactory - Point2DFactory created.
2019-02-26 21:52:44.112 [main] DEBUG by.tolkun.ellipse.validator.Point2DValidator - Point2DValidator created.
2019-02-26 21:52:44.112 [main] DEBUG by.tolkun.ellipse.validator.Point2DValidator - Dataset [-2.0, 3.0] is valid.
2019-02-26 21:52:44.112 [main] DEBUG tolkun.ellipse.entity.geometry.Point2D - Point created: x = -2.0, y = 3.0.
2019-02-26 21:52:44.112 [main] DEBUG by.tolkun.ellipse.validator.Point2DValidator - Point2DValidator created.
2019-02-26 21:52:44.112 [main] DEBUG by.tolkun.ellipse.validator.Point2DValidator - Dataset [0.0, -3.0] is valid.
2019-02-26 21:52:44.113 [main] DEBUG tolkun.ellipse.entity.geometry.Point2D - Point created: x = 0.0, y = -3.0.
2019-02-26 21:52:44.113 [main] DEBUG tolkun.ellipse.entity.geometry.Ellipse - Ellipse created.
2019-02-26 21:52:44.113 [main] DEBUG by.tolkun.ellipse.action.EllipseAction - Perimeter calculated: 12.566370614359172
2019-02-26 21:52:44.114 [main] DEBUG tolkun.ellipse.factory.geometry.EllipseFactory - EllipseFactory created.
2019-02-26 21:52:44.114 [main] DEBUG by.tolkun.ellipse.validator.EllipseValidator - EllipseValidator created.
2019-02-26 21:52:44.114 [main] DEBUG by.tolkun.ellipse.validator.EllipseValidator - Dataset [0.0, 0.0, 4.0, 4.0] is valid.
2019-02-26 21:52:44.114 [main] DEBUG tolkun.ellipse.factory.geometry.Point2DFactory - Point2DFactory created.
2019-02-26 21:52:44.114 [main] DEBUG by.tolkun.ellipse.validator.Point2DValidator - Point2DValidator created.
2019-02-26 21:52:44.114 [main] DEBUG by.tolkun.ellipse.validator.Point2DValidator - Dataset [0.0, 4.0] is valid.
2019-02-26 21:52:44.114 [main] DEBUG tolkun.ellipse.entity.geometry.Point2D - Point created: x = 0.0, y = 4.0.
2019-02-26 21:52:44.114 [main] DEBUG by.tolkun.ellipse.validator.Point2DValidator - Point2DValidator created.
2019-02-26 21:52:44.114 [main] DEBUG by.tolkun.ellipse.validator.Point2DValidator - Dataset [4.0, 0.0] is valid.
2019-02-26 21:52:44.114 [main] DEBUG tolkun.ellipse.entity.geometry.Point2D - Point created: x = 4.0, y = 0.0.
2019-02-26 21:52:44.114 [main] DEBUG tolkun.ellipse.entity.geometry.Ellipse - Ellipse created.
2019-02-26 21:52:44.114 [main] DEBUG by.tolkun.ellipse.action.EllipseAction - Square calculated: 12.566370614359172
2019-02-26 21:52:44.115 [main] DEBUG tolkun.ellipse.factory.geometry.EllipseFactory - EllipseFactory created.
2019-02-26 21:52:44.115 [main] DEBUG by.tolkun.ellipse.validator.EllipseValidator - EllipseValidator created.
2019-02-26 21:52:44.115 [main] DEBUG by.tolkun.ellipse.validator.EllipseValidator - Dataset [2.5, 3.2, -6.6, -3.1] is valid.
2019-02-26 21:52:44.115 [main] DEBUG tolkun.ellipse.factory.geometry.Point2DFactory - Point2DFactory created.
2019-02-26 21:52:44.115 [main] DEBUG by.tolkun.ellipse.validator.Point2DValidator - Point2DValidator created.
2019-02-26 21:52:44.115 [main] DEBUG by.tolkun.ellipse.validator.Point2DValidator - Dataset [-6.6, 3.2] is valid.
2019-02-26 21:52:44.115 [main] DEBUG tolkun.ellipse.entity.geometry.Point2D - Point created: x = -6.6, y = 3.2.
2019-02-26 21:52:44.115 [main] DEBUG by.tolkun.ellipse.validator.Point2DValidator - Point2DValidator created.
2019-02-26 21:52:44.115 [main] DEBUG by.tolkun.ellipse.validator.Point2DValidator - Dataset [2.5, -3.1] is valid.
2019-02-26 21:52:44.115 [main] DEBUG tolkun.ellipse.entity.geometry.Point2D - Point created: x = 2.5, y = -3.1.
2019-02-26 21:52:44.115 [main] DEBUG tolkun.ellipse.entity.geometry.Ellipse - Ellipse created.
2019-02-26 21:52:44.115 [main] DEBUG by.tolkun.ellipse.action.EllipseAction - Square calculated: 45.02687670757571
2019-02-26 21:52:44.116 [main] DEBUG tolkun.ellipse.factory.geometry.EllipseFactory - EllipseFactory created.
2019-02-26 21:52:44.116 [main] DEBUG by.tolkun.ellipse.validator.EllipseValidator - EllipseValidator created.
2019-02-26 21:52:44.116 [main] DEBUG by.tolkun.ellipse.validator.EllipseValidator - Dataset [-6.6, -3.1, 2.5, 3.2] is valid.
2019-02-26 21:52:44.116 [main] DEBUG tolkun.ellipse.factory.geometry.Point2DFactory - Point2DFactory created.
2019-02-26 21:52:44.116 [main] DEBUG by.tolkun.ellipse.validator.Point2DValidator - Point2DValidator created.
2019-02-26 21:52:44.116 [main] DEBUG by.tolkun.ellipse.validator.Point2DValidator - Dataset [-6.6, 3.2] is valid.
2019-02-26 21:52:44.116 [main] DEBUG tolkun.ellipse.entity.geometry.Point2D - Point created: x = -6.6, y = 3.2.
2019-02-26 21:52:44.117 [main] DEBUG by.tolkun.ellipse.validator.Point2DValidator - Point2DValidator created.
2019-02-26 21:52:44.117 [main] DEBUG by.tolkun.ellipse.validator.Point2DValidator - Dataset [2.5, -3.1] is valid.
2019-02-26 21:52:44.117 [main] DEBUG tolkun.ellipse.entity.geometry.Point2D - Point created: x = 2.5, y = -3.1.
2019-02-26 21:52:44.117 [main] DEBUG tolkun.ellipse.entity.geometry.Ellipse - Ellipse created.
2019-02-26 21:52:44.117 [main] DEBUG by.tolkun.ellipse.action.EllipseAction - Square calculated: 45.02687670757571
2019-02-26 21:52:44.117 [main] DEBUG tolkun.ellipse.factory.geometry.EllipseFactory - EllipseFactory created.
2019-02-26 21:52:44.117 [main] DEBUG by.tolkun.ellipse.validator.EllipseValidator - EllipseValidator created.
2019-02-26 21:52:44.117 [main] DEBUG by.tolkun.ellipse.validator.EllipseValidator - Dataset [-3.0, -1.0, -1.0, -5.0] is valid.
2019-02-26 21:52:44.117 [main] DEBUG tolkun.ellipse.factory.geometry.Point2DFactory - Point2DFactory created.
2019-02-26 21:52:44.118 [main] DEBUG by.tolkun.ellipse.validator.Point2DValidator - Point2DValidator created.
2019-02-26 21:52:44.118 [main] DEBUG by.tolkun.ellipse.validator.Point2DValidator - Dataset [-3.0, -1.0] is valid.
2019-02-26 21:52:44.118 [main] DEBUG tolkun.ellipse.entity.geometry.Point2D - Point created: x = -3.0, y = -1.0.
2019-02-26 21:52:44.118 [main] DEBUG by.tolkun.ellipse.validator.Point2DValidator - Point2DValidator created.
2019-02-26 21:52:44.118 [main] DEBUG by.tolkun.ellipse.validator.Point2DValidator - Dataset [-1.0, -5.0] is valid.
2019-02-26 21:52:44.118 [main] DEBUG tolkun.ellipse.entity.geometry.Point2D - Point created: x = -1.0, y = -5.0.
2019-02-26 21:52:44.118 [main] DEBUG tolkun.ellipse.entity.geometry.Ellipse - Ellipse created.
2019-02-26 21:52:44.118 [main] DEBUG by.tolkun.ellipse.action.EllipseAction - Square calculated: 6.283185307179586
2019-02-26 21:52:44.119 [main] DEBUG tolkun.ellipse.factory.geometry.EllipseFactory - EllipseFactory created.
2019-02-26 21:52:44.119 [main] DEBUG by.tolkun.ellipse.validator.EllipseValidator - EllipseValidator created.
2019-02-26 21:52:44.119 [main] DEBUG by.tolkun.ellipse.validator.EllipseValidator - Dataset [-2.0, 3.0, 0.0, -3.0] is valid.
2019-02-26 21:52:44.119 [main] DEBUG tolkun.ellipse.factory.geometry.Point2DFactory - Point2DFactory created.
2019-02-26 21:52:44.119 [main] DEBUG by.tolkun.ellipse.validator.Point2DValidator - Point2DValidator created.
2019-02-26 21:52:44.119 [main] DEBUG by.tolkun.ellipse.validator.Point2DValidator - Dataset [-2.0, 3.0] is valid.
2019-02-26 21:52:44.119 [main] DEBUG tolkun.ellipse.entity.geometry.Point2D - Point created: x = -2.0, y = 3.0.
2019-02-26 21:52:44.119 [main] DEBUG by.tolkun.ellipse.validator.Point2DValidator - Point2DValidator created.
2019-02-26 21:52:44.119 [main] DEBUG by.tolkun.ellipse.validator.Point2DValidator - Dataset [0.0, -3.0] is valid.
2019-02-26 21:52:44.119 [main] DEBUG tolkun.ellipse.entity.geometry.Point2D - Point created: x = 0.0, y = -3.0.
2019-02-26 21:52:44.119 [main] DEBUG tolkun.ellipse.entity.geometry.Ellipse - Ellipse created.
2019-02-26 21:52:44.119 [main] DEBUG by.tolkun.ellipse.action.EllipseAction - Square calculated: 9.42477796076938
2019-02-26 21:52:44.120 [main] DEBUG tolkun.ellipse.factory.geometry.EllipseFactory - EllipseFactory created.
2019-02-26 21:52:44.120 [main] DEBUG by.tolkun.ellipse.validator.EllipseValidator - EllipseValidator created.
2019-02-26 21:52:44.120 [main] DEBUG by.tolkun.ellipse.validator.EllipseValidator - Dataset [0.0, -3.0, -2.0, 3.0] is valid.
2019-02-26 21:52:44.120 [main] DEBUG tolkun.ellipse.factory.geometry.Point2DFactory - Point2DFactory created.
2019-02-26 21:52:44.121 [main] DEBUG by.tolkun.ellipse.validator.Point2DValidator - Point2DValidator created.
2019-02-26 21:52:44.121 [main] DEBUG by.tolkun.ellipse.validator.Point2DValidator - Dataset [-2.0, 3.0] is valid.
2019-02-26 21:52:44.121 [main] DEBUG tolkun.ellipse.entity.geometry.Point2D - Point created: x = -2.0, y = 3.0.
2019-02-26 21:52:44.121 [main] DEBUG by.tolkun.ellipse.validator.Point2DValidator - Point2DValidator created.
2019-02-26 21:52:44.121 [main] DEBUG by.tolkun.ellipse.validator.Point2DValidator - Dataset [0.0, -3.0] is valid.
2019-02-26 21:52:44.121 [main] DEBUG tolkun.ellipse.entity.geometry.Point2D - Point created: x = 0.0, y = -3.0.
2019-02-26 21:52:44.121 [main] DEBUG tolkun.ellipse.entity.geometry.Ellipse - Ellipse created.
2019-02-26 21:52:44.121 [main] DEBUG by.tolkun.ellipse.action.EllipseAction - Square calculated: 9.42477796076938
2019-02-26 21:52:44.122 [main] DEBUG tolkun.ellipse.entity.geometry.Point2D - Point created: x = -1.0, y = 1.0.
2019-02-26 21:52:44.122 [main] DEBUG tolkun.ellipse.entity.geometry.Point2D - Point created: x = 1.0, y = -1.0.
2019-02-26 21:52:44.123 [main] DEBUG tolkun.ellipse.entity.geometry.Ellipse - Ellipse created.
2019-02-26 21:52:44.123 [main] DEBUG tolkun.ellipse.entity.geometry.Point2D - Point created: x = 0.0, y = 0.4.
2019-02-26 21:52:44.123 [main] DEBUG tolkun.ellipse.entity.geometry.Point2D - Point created: x = 0.4, y = 0.0.
2019-02-26 21:52:44.123 [main] DEBUG tolkun.ellipse.entity.geometry.Ellipse - Ellipse created.
2019-02-26 21:52:44.124 [main] DEBUG tolkun.ellipse.entity.geometry.Point2D - Point created: x = -6.0, y = 0.0.
2019-02-26 21:52:44.124 [main] DEBUG tolkun.ellipse.entity.geometry.Point2D - Point created: x = 0.0, y = -6.0.
2019-02-26 21:52:44.124 [main] DEBUG tolkun.ellipse.entity.geometry.Ellipse - Ellipse created.
2019-02-26 21:52:44.125 [main] DEBUG tolkun.ellipse.entity.geometry.Point2D - Point created: x = -6.5, y = 4.0.
2019-02-26 21:52:44.125 [main] DEBUG tolkun.ellipse.entity.geometry.Point2D - Point created: x = -2.0, y = 0.0.
2019-02-26 21:52:44.125 [main] DEBUG tolkun.ellipse.entity.geometry.Ellipse - Ellipse created.
2019-02-26 21:52:44.126 [main] DEBUG tolkun.ellipse.entity.geometry.Point2D - Point created: x = -2.0, y = 2.0.
2019-02-26 21:52:44.126 [main] DEBUG tolkun.ellipse.entity.geometry.Point2D - Point created: x = 2.0, y = -2.0.
2019-02-26 21:52:44.126 [main] DEBUG tolkun.ellipse.entity.geometry.Ellipse - Ellipse created.
2019-02-26 21:52:44.127 [main] DEBUG tolkun.ellipse.entity.geometry.Point2D - Point created: x = 2.0, y = 0.0.
2019-02-26 21:52:44.127 [main] DEBUG tolkun.ellipse.entity.geometry.Point2D - Point created: x = 6.5, y = -4.0.
2019-02-26 21:52:44.127 [main] DEBUG tolkun.ellipse.entity.geometry.Ellipse - Ellipse created.
2019-02-26 21:52:44.128 [main] DEBUG tolkun.ellipse.entity.geometry.Point2D - Point created: x = -4.0, y = 6.0.
2019-02-26 21:52:44.128 [main] DEBUG tolkun.ellipse.entity.geometry.Point2D - Point created: x = 0.0, y = 2.0.
2019-02-26 21:52:44.128 [main] DEBUG tolkun.ellipse.entity.geometry.Ellipse - Ellipse created.
2019-02-26 21:52:44.129 [main] DEBUG tolkun.ellipse.entity.geometry.Point2D - Point created: x = -2.0, y = 2.0.
2019-02-26 21:52:44.129 [main] DEBUG tolkun.ellipse.entity.geometry.Point2D - Point created: x = 2.0, y = -2.0.
2019-02-26 21:52:44.129 [main] DEBUG tolkun.ellipse.entity.geometry.Ellipse - Ellipse created.
2019-02-26 21:52:44.129 [main] DEBUG tolkun.ellipse.entity.geometry.Point2D - Point created: x = 0.0, y = -2.0.
2019-02-26 21:52:44.129 [main] DEBUG tolkun.ellipse.entity.geometry.Point2D - Point created: x = 4.0, y = -6.0.
2019-02-26 21:52:44.129 [main] DEBUG tolkun.ellipse.entity.geometry.Ellipse - Ellipse created.
